============================================================
   Tang Dynasty, V5.6.71036
      Copyright (c) 2012-2023 Anlogic Inc.
   Executable = E:/work/anlogic/bin/td.exe
   Built at =   20:34:38 Mar 21 2023
   Run by =     DELL
   Run Date =   Sun Jul  7 17:34:21 2024

   Run on =     DESKTOP-JE5465V
============================================================
RUN-6001 WARNING: Load IPC file error: a, this IP's generated file D:/anlu/xuezhang/al_ip/E:/work/anlogic/projects/fangbo_256.mif doesn't exist.
RUN-6001 WARNING: Load IPC file error: a, this IP's generated file D:/anlu/xuezhang/al_ip/E:/work/anlogic/projects/fangbo_256.mif doesn't exist.
RUN-6001 WARNING: Load IPC file error: a, this IP's generated file D:/anlu/xuezhang/al_ip/E:/work/anlogic/projects/fangbo_256.mif doesn't exist.
RUN-1001 : open_run phy_1.
RUN-1002 : start command "import_db D:/anlu/xuezhang/fpga_Runs/phy_1/fpga_pr.db"
RUN-1001 : Importing database generated by Tang Dynasty, V5.6.71036.
RUN-1001 : Database version number 46146.
RUN-1001 : Import flow parameters
PHY-1001 : Generate detailed routing grids ...
PHY-1001 : Generate nets ...
PHY-1001 : clock net ad1_clk_syn_7 will be merged with clock ad1_clk_dup_1
PHY-1001 : net clk_30m will be routed on clock mesh
PHY-1001 : clock net fx_clk_syn_4 will be merged with clock fx_clk_dup_1
PHY-1001 : net sys_clk_dup_1 will be routed on clock mesh
PHY-1001 : net ad_delay/clk_20b will be routed on clock mesh
PHY-1001 : clock net csget/mcu_write_start_n_syn_2 will be merged with clock csget/mcu_write_start_n
PHY-1001 : net dac/u_rom_256x8b/clka will be routed on clock mesh
PHY-1001 : net f_div/clk will be routed on clock mesh
PHY-1001 : clock net f_div2/clk_syn_4 will be merged with clock f_div2/clk
PHY-1001 : net f_m/clk_fs will be routed on clock mesh
PHY-1001 : net fifo/fifo_generator_0_u/clkr will be routed on clock mesh
PHY-5010 WARNING: Net fifo/fifo_generator_0_u/wr_to_rd_cross_inst/sync_r1[2] is skipped due to 0 input or output
PHY-5010 WARNING: Net fifo/fifo_generator_0_u/wr_to_rd_cross_inst/sync_r1[1] is skipped due to 0 input or output
PHY-5010 WARNING: Net fifo/fifo_generator_0_u/wr_to_rd_cross_inst/sync_r1[0] is skipped due to 0 input or output
PHY-5010 WARNING: Net fifo/fifo_generator_0_u/wr_to_rd_cross_inst/sync_r1[2] is skipped due to 0 input or output
PHY-5010 WARNING: Net fifo/fifo_generator_0_u/wr_to_rd_cross_inst/sync_r1[1] is skipped due to 0 input or output
PHY-5010 WARNING: Net fifo/fifo_generator_0_u/wr_to_rd_cross_inst/sync_r1[0] is skipped due to 0 input or output
PHY-1001 : eco open net = 0
PHY-5014 WARNING: Detail route doesn't find pib for pll_clk/pll_inst.fbclk[0]
PHY-5014 WARNING: Detail route doesn't find pib for ad_delay/instance_name_my/pll_inst.fbclk[0]
PHY-5014 WARNING: Detail route doesn't find pib for dac/instance_name_da/pll_inst.fbclk[0]
PHY-1001 : 262 feed throughs used by 57 nets
RUN-1001 : Import timing constraints
RUN-1001 : Import IO constraints
RUN-1001 : Import Inst constraints
RUN-1001 : Import design success TD_VERSION=5.6.71036 , DB_VERSION=46146
RUN-1003 : finish command "import_db D:/anlu/xuezhang/fpga_Runs/phy_1/fpga_pr.db" in  7.509792s wall, 7.468750s user + 0.109375s system = 7.578125s CPU (100.9%)

RUN-1004 : used memory is 915 MB, reserved memory is 915 MB, peak memory is 921 MB
RUN-6001 WARNING: Load IPC file error: a, this IP's generated file D:/anlu/xuezhang/al_ip/E:/work/anlogic/projects/fangbo_256.mif doesn't exist.
RUN-6001 WARNING: Load IPC file error: a, this IP's generated file D:/anlu/xuezhang/al_ip/E:/work/anlogic/projects/fangbo_256.mif doesn't exist.
HDL-1007 : analyze verilog file top_module.v
RUN-6001 WARNING: Load IPC file error: a, this IP's generated file D:/anlu/xuezhang/al_ip/E:/work/anlogic/projects/fangbo_256.mif doesn't exist.
RUN-6001 WARNING: Load IPC file error: a, this IP's generated file D:/anlu/xuezhang/al_ip/E:/work/anlogic/projects/fangbo_256.mif doesn't exist.
RUN-1001 : reset_run syn_1 phy_1.
RUN-6001 WARNING: Load IPC file error: a, this IP's generated file D:/anlu/xuezhang/al_ip/E:/work/anlogic/projects/fangbo_256.mif doesn't exist.
RUN-1001 : launch_runs syn_1 phy_1  -jobs 6.
RUN-1001 : syn_1: run complete.
RUN-1001 : phy_1: run complete.
RUN-1001 : open_run phy_1.
RUN-1002 : start command "import_db D:/anlu/xuezhang/fpga_Runs/phy_1/fpga_pr.db"
RUN-1001 : Importing database generated by Tang Dynasty, V5.6.71036.
RUN-1001 : Database version number 46146.
RUN-1001 : Import flow parameters
PHY-1001 : Generate detailed routing grids ...
PHY-1001 : Generate nets ...
PHY-1001 : clock net ad0_clk_syn_7 will be merged with clock ad0_clk_dup_1
PHY-1001 : clock net ad1_clk_syn_6 will be merged with clock ad1_clk_dup_3
PHY-1001 : net clk_30m will be routed on clock mesh
PHY-1001 : clock net fx_clk_syn_4 will be merged with clock fx_clk_dup_1
PHY-1001 : net sys_clk_dup_1 will be routed on clock mesh
PHY-1001 : net ad_delay/clk_20b will be routed on clock mesh
PHY-1001 : clock net csget/mcu_write_start_n_syn_2 will be merged with clock csget/mcu_write_start_n
PHY-1001 : net dac/u_rom_256x8b/clka will be routed on clock mesh
PHY-1001 : net f_div/clk will be routed on clock mesh
PHY-1001 : net f_m/clk_fs will be routed on clock mesh
PHY-1001 : net fifo/fifo_generator_0_u/clkr will be routed on clock mesh
PHY-5010 WARNING: Net fifo/fifo_generator_0_u/wr_to_rd_cross_inst/sync_r1[2] is skipped due to 0 input or output
PHY-5010 WARNING: Net fifo/fifo_generator_0_u/wr_to_rd_cross_inst/sync_r1[1] is skipped due to 0 input or output
PHY-5010 WARNING: Net fifo/fifo_generator_0_u/wr_to_rd_cross_inst/sync_r1[0] is skipped due to 0 input or output
PHY-5010 WARNING: Net fifo/fifo_generator_0_u/wr_to_rd_cross_inst/sync_r1[2] is skipped due to 0 input or output
PHY-5010 WARNING: Net fifo/fifo_generator_0_u/wr_to_rd_cross_inst/sync_r1[1] is skipped due to 0 input or output
PHY-5010 WARNING: Net fifo/fifo_generator_0_u/wr_to_rd_cross_inst/sync_r1[0] is skipped due to 0 input or output
PHY-1001 : eco open net = 0
PHY-5014 WARNING: Detail route doesn't find pib for pll_clk/pll_inst.fbclk[0]
PHY-5014 WARNING: Detail route doesn't find pib for ad_delay/instance_name_my/pll_inst.fbclk[0]
PHY-5014 WARNING: Detail route doesn't find pib for dac/instance_name_da/pll_inst.fbclk[0]
PHY-1001 : 283 feed throughs used by 68 nets
RUN-1001 : Import timing constraints
RUN-1001 : Import IO constraints
RUN-1001 : Import Inst constraints
RUN-1001 : Import design success TD_VERSION=5.6.71036 , DB_VERSION=46146
RUN-1003 : finish command "import_db D:/anlu/xuezhang/fpga_Runs/phy_1/fpga_pr.db" in  5.070149s wall, 4.968750s user + 0.156250s system = 5.125000s CPU (101.1%)

RUN-1004 : used memory is 912 MB, reserved memory is 913 MB, peak memory is 925 MB
RUN-1002 : start command "download -bit fpga_Runs\phy_1\fpga.bit -mode jtag -spd 7 -sec 64 -cable 0"
PRG-2014 : Chip validation success: EAGLE_20K_BGA256X
RUN-1002 : start command "bit_to_vec -chip EAGLE_20K_BGA256X -m jtag_burst -freq 4 -bit fpga_Runs/phy_1/fpga.bit"
RUN-1002 : start command "program -cable 0 -mode svf -spd 7 -p"
RUN-1003 : finish command "program -cable 0 -mode svf -spd 7 -p" in  18.235267s wall, 0.375000s user + 0.406250s system = 0.781250s CPU (4.3%)

RUN-1004 : used memory is 935 MB, reserved memory is 935 MB, peak memory is 949 MB
RUN-1003 : finish command "download -bit fpga_Runs\phy_1\fpga.bit -mode jtag -spd 7 -sec 64 -cable 0" in  18.452186s wall, 0.468750s user + 0.406250s system = 0.875000s CPU (4.7%)

RUN-1004 : used memory is 935 MB, reserved memory is 935 MB, peak memory is 949 MB
GUI-1001 : Downloading succeeded!
