============================================================
   Tang Dynasty, V5.6.71036
      Copyright (c) 2012-2023 Anlogic Inc.
   Executable = E:/work/anlogic/bin/td.exe
   Built at =   20:34:38 Mar 21 2023
   Run by =     DELL
   Run Date =   Sat Jul  6 23:47:19 2024

   Run on =     DESKTOP-JE5465V
============================================================
RUN-6001 WARNING: Load IPC file error: a, this IP's generated file D:/anlu/xuezhang/al_ip/E:/work/anlogic/projects/fangbo_256.mif doesn't exist.
RUN-6001 WARNING: Load IPC file error: a, this IP's generated file D:/anlu/xuezhang/al_ip/E:/work/anlogic/projects/fangbo_256.mif doesn't exist.
RUN-6001 WARNING: Load IPC file error: a, this IP's generated file D:/anlu/xuezhang/al_ip/E:/work/anlogic/projects/fangbo_256.mif doesn't exist.
RUN-1001 : open_run phy_1.
RUN-1002 : start command "import_db D:/anlu/xuezhang/fpga_Runs/phy_1/fpga_pr.db"
RUN-1001 : Importing database generated by Tang Dynasty, V5.6.71036.
RUN-1001 : Database version number 46146.
RUN-1001 : Import flow parameters
PHY-1001 : Generate detailed routing grids ...
PHY-1001 : Generate nets ...
PHY-1001 : clock net ad1_clk_syn_7 will be merged with clock ad1_clk_dup_1
PHY-1001 : net clk_30m will be routed on clock mesh
PHY-1001 : clock net fx_clk_syn_4 will be merged with clock fx_clk_dup_1
PHY-1001 : net sys_clk_dup_1 will be routed on clock mesh
PHY-1001 : net ad_delay/clk_20b will be routed on clock mesh
PHY-1001 : clock net csget/mcu_write_start_n_syn_2 will be merged with clock csget/mcu_write_start_n
PHY-1001 : net dac/u_rom_256x8b/clka will be routed on clock mesh
PHY-1001 : net f_div/clk will be routed on clock mesh
PHY-1001 : clock net f_div2/clk_syn_4 will be merged with clock f_div2/clk
PHY-1001 : net f_m/clk_fs will be routed on clock mesh
PHY-1001 : net fifo/fifo_generator_0_u/clkr will be routed on clock mesh
PHY-5010 WARNING: Net fifo/fifo_generator_0_u/wr_to_rd_cross_inst/sync_r1[2] is skipped due to 0 input or output
PHY-5010 WARNING: Net fifo/fifo_generator_0_u/wr_to_rd_cross_inst/sync_r1[1] is skipped due to 0 input or output
PHY-5010 WARNING: Net fifo/fifo_generator_0_u/wr_to_rd_cross_inst/sync_r1[0] is skipped due to 0 input or output
PHY-5010 WARNING: Net fifo/fifo_generator_0_u/wr_to_rd_cross_inst/sync_r1[2] is skipped due to 0 input or output
PHY-5010 WARNING: Net fifo/fifo_generator_0_u/wr_to_rd_cross_inst/sync_r1[1] is skipped due to 0 input or output
PHY-5010 WARNING: Net fifo/fifo_generator_0_u/wr_to_rd_cross_inst/sync_r1[0] is skipped due to 0 input or output
PHY-1001 : eco open net = 0
PHY-5014 WARNING: Detail route doesn't find pib for pll_clk/pll_inst.fbclk[0]
PHY-5014 WARNING: Detail route doesn't find pib for ad_delay/instance_name_my/pll_inst.fbclk[0]
PHY-5014 WARNING: Detail route doesn't find pib for dac/instance_name_da/pll_inst.fbclk[0]
PHY-1001 : 262 feed throughs used by 57 nets
RUN-1001 : Import timing constraints
RUN-1001 : Import IO constraints
RUN-1001 : Import Inst constraints
RUN-1001 : Import design success TD_VERSION=5.6.71036 , DB_VERSION=46146
RUN-1003 : finish command "import_db D:/anlu/xuezhang/fpga_Runs/phy_1/fpga_pr.db" in  7.498284s wall, 7.375000s user + 0.203125s system = 7.578125s CPU (101.1%)

RUN-1004 : used memory is 778 MB, reserved memory is 756 MB, peak memory is 789 MB
RUN-1002 : start command "download -bit fpga_Runs\phy_1\fpga.bit -mode jtag -spd 7 -sec 64 -cable 0"
PRG-2014 : Chip validation success: EAGLE_20K_BGA256X
RUN-1002 : start command "bit_to_vec -chip EAGLE_20K_BGA256X -m jtag_burst -freq 4 -bit fpga_Runs/phy_1/fpga.bit"
RUN-1002 : start command "program -cable 0 -mode svf -spd 7 -p"
RUN-1003 : finish command "program -cable 0 -mode svf -spd 7 -p" in  18.020336s wall, 0.250000s user + 0.156250s system = 0.406250s CPU (2.3%)

RUN-1004 : used memory is 811 MB, reserved memory is 783 MB, peak memory is 829 MB
RUN-1003 : finish command "download -bit fpga_Runs\phy_1\fpga.bit -mode jtag -spd 7 -sec 64 -cable 0" in  18.322986s wall, 0.375000s user + 0.203125s system = 0.578125s CPU (3.2%)

RUN-1004 : used memory is 811 MB, reserved memory is 783 MB, peak memory is 829 MB
GUI-1001 : Downloading succeeded!
GUI-1001 : User opens ChipWatcher ...
PRG-1000 : <!-- HMAC is: a7ad98fe243598d698e6d06ee83962a15c275458122a289ecd491fa7c3416c54 -->
RUN-1001 : reset_run syn_1 phy_1.
GUI-6001 WARNING: File D:/anlu/xuezhang/fpga_Runs/phy_1/fpga.bit does not exist!
RUN-6001 WARNING: Load IPC file error: a, this IP's generated file D:/anlu/xuezhang/al_ip/E:/work/anlogic/projects/fangbo_256.mif doesn't exist.
RUN-1001 : launch_runs syn_1 phy_1  -jobs 6.
RUN-1001 : syn_1: run complete.
RUN-1001 : phy_1: run complete.
RUN-1001 : open_run phy_1.
RUN-1002 : start command "import_db D:/anlu/xuezhang/fpga_Runs/phy_1/fpga_pr.db"
RUN-1001 : Importing database generated by Tang Dynasty, V5.6.71036.
RUN-1001 : Database version number 46146.
RUN-1001 : Import flow parameters
PHY-1001 : Generate detailed routing grids ...
PHY-1001 : Generate nets ...
PHY-1001 : clock net ad1_clk_syn_7 will be merged with clock ad1_clk_dup_1
PHY-1001 : net clk_30m will be routed on clock mesh
PHY-1001 : clock net fx_clk_syn_4 will be merged with clock fx_clk_dup_1
PHY-1001 : net sys_clk_dup_1 will be routed on clock mesh
PHY-1001 : net ad_delay/clk_20b will be routed on clock mesh
PHY-1001 : clock net csget/mcu_write_start_n_syn_2 will be merged with clock csget/mcu_write_start_n
PHY-1001 : net dac/u_rom_256x8b/clka will be routed on clock mesh
PHY-1001 : net f_div/clk will be routed on clock mesh
PHY-1001 : clock net f_div2/clk_syn_4 will be merged with clock f_div2/clk
PHY-1001 : net f_m/clk_fs will be routed on clock mesh
PHY-1001 : net fifo/fifo_generator_0_u/clkr will be routed on clock mesh
PHY-5010 WARNING: Net fifo/fifo_generator_0_u/wr_to_rd_cross_inst/sync_r1[2] is skipped due to 0 input or output
PHY-5010 WARNING: Net fifo/fifo_generator_0_u/wr_to_rd_cross_inst/sync_r1[1] is skipped due to 0 input or output
PHY-5010 WARNING: Net fifo/fifo_generator_0_u/wr_to_rd_cross_inst/sync_r1[0] is skipped due to 0 input or output
PHY-1001 : clock net config_inst_syn_10 will be merged with clock config_inst_syn_9
PHY-5010 WARNING: Net fifo/fifo_generator_0_u/wr_to_rd_cross_inst/sync_r1[2] is skipped due to 0 input or output
PHY-5010 WARNING: Net fifo/fifo_generator_0_u/wr_to_rd_cross_inst/sync_r1[1] is skipped due to 0 input or output
PHY-5010 WARNING: Net fifo/fifo_generator_0_u/wr_to_rd_cross_inst/sync_r1[0] is skipped due to 0 input or output
PHY-1001 : eco open net = 0
PHY-5014 WARNING: Detail route doesn't find pib for pll_clk/pll_inst.fbclk[0]
PHY-5014 WARNING: Detail route doesn't find pib for ad_delay/instance_name_my/pll_inst.fbclk[0]
PHY-5014 WARNING: Detail route doesn't find pib for dac/instance_name_da/pll_inst.fbclk[0]
PHY-1001 : 255 feed throughs used by 64 nets
RUN-1001 : Import timing constraints
RUN-1001 : Import IO constraints
RUN-1001 : Import Inst constraints
RUN-1001 : Import ChipWatcher
RUN-1001 : Import design success TD_VERSION=5.6.71036 , DB_VERSION=46146
RUN-1003 : finish command "import_db D:/anlu/xuezhang/fpga_Runs/phy_1/fpga_pr.db" in  5.954480s wall, 5.578125s user + 0.609375s system = 6.187500s CPU (103.9%)

RUN-1004 : used memory is 806 MB, reserved memory is 856 MB, peak memory is 829 MB
RUN-1002 : start command "config_chipwatcher -sync ad_data.cwc -dir "
KIT-1004 : ChipWatcher: import watcher inst auto_chipwatcher_0 completed, there are 1 view nodes, 8 trigger nets, 8 data nets.
GUI-1001 : Import ad_data.cwc success!
RUN-1002 : start command "download -bit fpga_Runs/phy_1/fpga.bit -mode jtag_burst -spd 7 -cable 0 -total_dev 1 -cur_dev 1"
PRG-2014 : Chip validation success: EAGLE_20K_BGA256X
RUN-1002 : start command "bit_to_vec -chip EAGLE_20K_BGA256X -m jtag_burst -freq 4 -bit fpga_Runs/phy_1/fpga.bit"
RUN-1002 : start command "program -cable 0 -mode svf -spd 7 -p"
RUN-1003 : finish command "program -cable 0 -mode svf -spd 7 -p" in  17.686995s wall, 0.453125s user + 0.843750s system = 1.296875s CPU (7.3%)

RUN-1004 : used memory is 814 MB, reserved memory is 856 MB, peak memory is 830 MB
RUN-1003 : finish command "download -bit fpga_Runs/phy_1/fpga.bit -mode jtag_burst -spd 7 -cable 0 -total_dev 1 -cur_dev 1" in  17.924115s wall, 0.515625s user + 0.890625s system = 1.406250s CPU (7.8%)

RUN-1004 : used memory is 814 MB, reserved memory is 856 MB, peak memory is 830 MB
GUI-1001 : Downloading succeeded!
KIT-1004 : ChipWatcher: write ctrl reg value: 000000000000000000000000000000000000000000000000
KIT-1004 : ChipWatcher: write ctrl reg value: 011011111111000000000000000010000000000001000000
KIT-1004 : ChipWatcher: the value of status register = 110000000000001000
RUN-1002 : start command "rdbk_bram32 -bram 0X0010 -cable 0 -total_dev 1 -cur_dev 1"
KIT-1001 : Read back data from BRAM32 0X0010 successfully.
SYN-2541 : Attrs-to-init for 1 logic bram(s)
SYN-2541 : Reading sub[0] auto_chipwatcher_0_logicbram_syn_1
KIT-1004 : ChipWatcher: write ctrl reg value: 011011111111000000000000000010000000000000000000
KIT-1004 : ChipWatcher: write ctrl reg value: 000000000000000000000000000000000000000000000000
KIT-1004 : ChipWatcher: write ctrl reg value: 011011111111000000000000000010000000000001000000
KIT-1004 : ChipWatcher: the value of status register = 110000000000001000
RUN-1002 : start command "rdbk_bram32 -bram 0X0010 -cable 0 -total_dev 1 -cur_dev 1"
KIT-1001 : Read back data from BRAM32 0X0010 successfully.
SYN-2541 : Attrs-to-init for 1 logic bram(s)
SYN-2541 : Reading sub[0] auto_chipwatcher_0_logicbram_syn_1
KIT-1004 : ChipWatcher: write ctrl reg value: 011011111111000000000000000010000000000000000000
KIT-1004 : ChipWatcher: write ctrl reg value: 000000000000000000000000000000000000000000000000
KIT-1004 : ChipWatcher: write ctrl reg value: 011011111111000000000000000010000000000001000000
KIT-1004 : ChipWatcher: the value of status register = 110000000000001000
RUN-1002 : start command "rdbk_bram32 -bram 0X0010 -cable 0 -total_dev 1 -cur_dev 1"
KIT-1001 : Read back data from BRAM32 0X0010 successfully.
SYN-2541 : Attrs-to-init for 1 logic bram(s)
SYN-2541 : Reading sub[0] auto_chipwatcher_0_logicbram_syn_1
KIT-1004 : ChipWatcher: write ctrl reg value: 011011111111000000000000000010000000000000000000
KIT-1004 : ChipWatcher: write ctrl reg value: 000000000000000000000000000000000000000000000000
KIT-1004 : ChipWatcher: write ctrl reg value: 011011111111000000000000000010000000000001000000
KIT-1004 : ChipWatcher: the value of status register = 110000000000001000
RUN-1002 : start command "rdbk_bram32 -bram 0X0010 -cable 0 -total_dev 1 -cur_dev 1"
KIT-1001 : Read back data from BRAM32 0X0010 successfully.
SYN-2541 : Attrs-to-init for 1 logic bram(s)
SYN-2541 : Reading sub[0] auto_chipwatcher_0_logicbram_syn_1
KIT-1004 : ChipWatcher: write ctrl reg value: 011011111111000000000000000010000000000000000000
GUI-1001 : User closes ChipWatcher ...
RUN-1001 : End prepare routing data:  0.135888s wall, 0.140625s user + 0.000000s system = 0.140625s CPU (103.5%)

GUI-1001 : User opens ChipWatcher ...
PRG-1000 : <!-- HMAC is: fd69a62a9f9b11338b61eef1638ae8c6df6fe1084e14597470eeed08076cb51e -->
GUI-6001 WARNING: File D:/anlu/xuezhang/ad_data.cwc does not exist!
RUN-1001 : reset_run syn_1 phy_1.
GUI-6001 WARNING: File D:/anlu/xuezhang/fpga_Runs/phy_1/fpga.bit does not exist!
RUN-6001 WARNING: Load IPC file error: a, this IP's generated file D:/anlu/xuezhang/al_ip/E:/work/anlogic/projects/fangbo_256.mif doesn't exist.
RUN-1001 : launch_runs syn_1 phy_1  -jobs 6.
RUN-1001 : syn_1: run complete.
RUN-1001 : phy_1: run complete.
RUN-1001 : open_run phy_1.
RUN-1002 : start command "import_db D:/anlu/xuezhang/fpga_Runs/phy_1/fpga_pr.db"
RUN-1001 : Importing database generated by Tang Dynasty, V5.6.71036.
RUN-1001 : Database version number 46146.
RUN-1001 : Import flow parameters
PHY-1001 : Generate detailed routing grids ...
PHY-1001 : Generate nets ...
PHY-1001 : clock net ad1_clk_syn_7 will be merged with clock ad1_clk_dup_1
PHY-1001 : net clk_30m will be routed on clock mesh
PHY-1001 : clock net fx_clk_syn_4 will be merged with clock fx_clk_dup_1
PHY-1001 : clock net sclk_i_syn_7 will be merged with clock sclk_i_syn_5
PHY-1001 : net sys_clk_dup_1 will be routed on clock mesh
PHY-1001 : net ad_delay/clk_20b will be routed on clock mesh
PHY-1001 : clock net csget/mcu_write_start_n_syn_2 will be merged with clock csget/mcu_write_start_n
PHY-1001 : net dac/u_rom_256x8b/clka will be routed on clock mesh
PHY-1001 : net f_div/clk will be routed on clock mesh
PHY-1001 : clock net f_div2/clk_syn_4 will be merged with clock f_div2/clk
PHY-1001 : net f_m/clk_fs will be routed on clock mesh
PHY-1001 : net fifo/fifo_generator_0_u/clkr will be routed on clock mesh
PHY-5010 WARNING: Net fifo/fifo_generator_0_u/wr_to_rd_cross_inst/sync_r1[2] is skipped due to 0 input or output
PHY-5010 WARNING: Net fifo/fifo_generator_0_u/wr_to_rd_cross_inst/sync_r1[1] is skipped due to 0 input or output
PHY-5010 WARNING: Net fifo/fifo_generator_0_u/wr_to_rd_cross_inst/sync_r1[0] is skipped due to 0 input or output
PHY-1001 : clock net config_inst_syn_10 will be merged with clock config_inst_syn_9
PHY-5010 WARNING: Net fifo/fifo_generator_0_u/wr_to_rd_cross_inst/sync_r1[2] is skipped due to 0 input or output
PHY-5010 WARNING: Net fifo/fifo_generator_0_u/wr_to_rd_cross_inst/sync_r1[1] is skipped due to 0 input or output
PHY-5010 WARNING: Net fifo/fifo_generator_0_u/wr_to_rd_cross_inst/sync_r1[0] is skipped due to 0 input or output
PHY-1001 : eco open net = 0
PHY-5014 WARNING: Detail route doesn't find pib for pll_clk/pll_inst.fbclk[0]
PHY-5014 WARNING: Detail route doesn't find pib for ad_delay/instance_name_my/pll_inst.fbclk[0]
PHY-5014 WARNING: Detail route doesn't find pib for dac/instance_name_da/pll_inst.fbclk[0]
PHY-1001 : 245 feed throughs used by 61 nets
RUN-1001 : Import timing constraints
RUN-1001 : Import IO constraints
RUN-1001 : Import Inst constraints
RUN-1001 : Import ChipWatcher
RUN-1001 : Import design success TD_VERSION=5.6.71036 , DB_VERSION=46146
RUN-1003 : finish command "import_db D:/anlu/xuezhang/fpga_Runs/phy_1/fpga_pr.db" in  5.787344s wall, 5.718750s user + 0.375000s system = 6.093750s CPU (105.3%)

RUN-1004 : used memory is 840 MB, reserved memory is 878 MB, peak memory is 846 MB
RUN-1002 : start command "config_chipwatcher -sync spi_data.cwc -dir "
KIT-1004 : ChipWatcher: import watcher inst auto_chipwatcher_0 completed, there are 1 view nodes, 1 trigger nets, 1 data nets.
GUI-1001 : Import spi_data.cwc success!
RUN-1002 : start command "download -bit fpga_Runs/phy_1/fpga.bit -mode jtag_burst -spd 7 -cable 0 -total_dev 1 -cur_dev 1"
PRG-2014 : Chip validation success: EAGLE_20K_BGA256X
RUN-1002 : start command "bit_to_vec -chip EAGLE_20K_BGA256X -m jtag_burst -freq 4 -bit fpga_Runs/phy_1/fpga.bit"
RUN-1002 : start command "program -cable 0 -mode svf -spd 7 -p"
RUN-1003 : finish command "program -cable 0 -mode svf -spd 7 -p" in  17.546363s wall, 0.171875s user + 0.281250s system = 0.453125s CPU (2.6%)

RUN-1004 : used memory is 841 MB, reserved memory is 878 MB, peak memory is 859 MB
RUN-1003 : finish command "download -bit fpga_Runs/phy_1/fpga.bit -mode jtag_burst -spd 7 -cable 0 -total_dev 1 -cur_dev 1" in  17.783407s wall, 0.281250s user + 0.281250s system = 0.562500s CPU (3.2%)

RUN-1004 : used memory is 841 MB, reserved memory is 878 MB, peak memory is 859 MB
GUI-1001 : Downloading succeeded!
KIT-1004 : ChipWatcher: write ctrl reg value: 00000000000000000000000000000000
KIT-1004 : ChipWatcher: write ctrl reg value: 01011100000100000000000000010000
KIT-1004 : ChipWatcher: the value of status register = 001111111111111111
KIT-1004 : ChipWatcher: the value of status register = 001111111111111111
KIT-1004 : ChipWatcher: the value of status register = 001111111111111111
KIT-1004 : ChipWatcher: the value of status register = 001111111111111111
KIT-1004 : ChipWatcher: the value of status register = 001111111111111111
KIT-1004 : ChipWatcher: the value of status register = 001111111111111111
KIT-1004 : ChipWatcher: the value of status register = 001111111111111111
KIT-1004 : ChipWatcher: the value of status register = 001111111111111111
KIT-1004 : ChipWatcher: the value of status register = 001111111111111111
KIT-1004 : ChipWatcher: the value of status register = 001111111111111111
KIT-1004 : ChipWatcher: the value of status register = 001111111111111111
KIT-1004 : ChipWatcher: the value of status register = 001111111111111111
KIT-1004 : ChipWatcher: the value of status register = 001111111111111111
KIT-1004 : ChipWatcher: the value of status register = 001111111111111111
KIT-1004 : ChipWatcher: the value of status register = 001111111111111111
KIT-1004 : ChipWatcher: the value of status register = 001111111111111111
KIT-1004 : ChipWatcher: the value of status register = 001111111111111111
KIT-1004 : ChipWatcher: the value of status register = 001111111111111111
KIT-1004 : ChipWatcher: the value of status register = 001111111111111111
KIT-1004 : ChipWatcher: the value of status register = 001111111111111111
KIT-1004 : ChipWatcher: the value of status register = 001111111111111111
KIT-1004 : ChipWatcher: the value of status register = 001111111111111111
KIT-1004 : ChipWatcher: the value of status register = 001111111111111111
KIT-1004 : ChipWatcher: the value of status register = 001111111111111111
KIT-1004 : ChipWatcher: the value of status register = 001111111111111111
KIT-1004 : ChipWatcher: the value of status register = 001111111111111111
KIT-1004 : ChipWatcher: the value of status register = 001111111111111111
KIT-1004 : ChipWatcher: the value of status register = 001111111111111111
KIT-1004 : ChipWatcher: the value of status register = 001111111111111111
KIT-1004 : ChipWatcher: the value of status register = 001111111111111111
KIT-1004 : ChipWatcher: the value of status register = 001111111111111111
KIT-1004 : ChipWatcher: the value of status register = 001111111111111111
KIT-1004 : ChipWatcher: the value of status register = 001111111111111111
KIT-1004 : ChipWatcher: the value of status register = 001111111111111111
KIT-1004 : ChipWatcher: the value of status register = 001111111111111111
KIT-1004 : ChipWatcher: the value of status register = 001111111111111111
KIT-1004 : ChipWatcher: the value of status register = 001111111111111111
KIT-1004 : ChipWatcher: the value of status register = 001111111111111111
KIT-1004 : ChipWatcher: the value of status register = 001111111111111111
KIT-1004 : ChipWatcher: the value of status register = 001111111111111111
KIT-1004 : ChipWatcher: the value of status register = 001111111111111111
KIT-1004 : ChipWatcher: the value of status register = 001111111111111111
KIT-1004 : ChipWatcher: the value of status register = 001111111111111111
KIT-1004 : ChipWatcher: the value of status register = 001111111111111111
KIT-1004 : ChipWatcher: the value of status register = 001111111111111111
KIT-1004 : ChipWatcher: the value of status register = 001111111111111111
KIT-1004 : ChipWatcher: the value of status register = 001111111111111111
KIT-1004 : ChipWatcher: the value of status register = 001111111111111111
KIT-1004 : ChipWatcher: the value of status register = 001111111111111111
KIT-1004 : ChipWatcher: the value of status register = 001111111111111111
KIT-1004 : ChipWatcher: the value of status register = 001111111111111111
KIT-1004 : ChipWatcher: the value of status register = 001111111111111111
KIT-1004 : ChipWatcher: the value of status register = 001111111111111111
KIT-1004 : ChipWatcher: the value of status register = 001111111111111111
KIT-1004 : ChipWatcher: the value of status register = 001111111111111111
KIT-1004 : ChipWatcher: the value of status register = 001111111111111111
KIT-1004 : ChipWatcher: the value of status register = 001111111111111111
KIT-1004 : ChipWatcher: the value of status register = 001111111111111111
KIT-1004 : ChipWatcher: the value of status register = 001111111111111111
KIT-1004 : ChipWatcher: the value of status register = 001111111111111111
KIT-1004 : ChipWatcher: the value of status register = 001111111111111111
KIT-1004 : ChipWatcher: the value of status register = 001111111111111111
KIT-1004 : ChipWatcher: the value of status register = 001111111111111111
KIT-1004 : ChipWatcher: the value of status register = 001111111111111111
KIT-1004 : ChipWatcher: the value of status register = 001111111111111111
KIT-1004 : ChipWatcher: the value of status register = 001111111111111111
KIT-1004 : ChipWatcher: the value of status register = 001111111111111111
KIT-1004 : ChipWatcher: the value of status register = 001111111111111111
KIT-1004 : ChipWatcher: the value of status register = 001111111111111111
KIT-1004 : ChipWatcher: the value of status register = 001111111111111111
KIT-1004 : ChipWatcher: the value of status register = 001111111111111111
KIT-1004 : ChipWatcher: the value of status register = 001111111111111111
KIT-1004 : ChipWatcher: the value of status register = 001111111111111111
KIT-1004 : ChipWatcher: the value of status register = 001111111111111111
KIT-1004 : ChipWatcher: the value of status register = 001111111111111111
KIT-1004 : ChipWatcher: the value of status register = 001111111111111111
KIT-1004 : ChipWatcher: the value of status register = 001111111111111111
KIT-1004 : ChipWatcher: the value of status register = 001111111111111111
KIT-1004 : ChipWatcher: the value of status register = 001111111111111111
KIT-1004 : ChipWatcher: the value of status register = 001111111111111111
KIT-1004 : ChipWatcher: the value of status register = 001111111111111111
KIT-1004 : ChipWatcher: the value of status register = 001111111111111111
KIT-1004 : ChipWatcher: the value of status register = 001111111111111111
KIT-1004 : ChipWatcher: the value of status register = 001111111111111111
KIT-1004 : ChipWatcher: the value of status register = 001111111111111111
KIT-1004 : ChipWatcher: the value of status register = 001111111111111111
KIT-1004 : ChipWatcher: the value of status register = 001111111111111111
KIT-1004 : ChipWatcher: the value of status register = 001111111111111111
KIT-1004 : ChipWatcher: the value of status register = 001111111111111111
KIT-1004 : ChipWatcher: the value of status register = 001111111111111111
KIT-1004 : ChipWatcher: the value of status register = 001111111111111111
KIT-1004 : ChipWatcher: the value of status register = 001111111111111111
KIT-1004 : ChipWatcher: the value of status register = 001111111111111111
KIT-1004 : ChipWatcher: the value of status register = 001111111111111111
KIT-1004 : ChipWatcher: the value of status register = 001111111111111111
KIT-1004 : ChipWatcher: the value of status register = 001111111111111111
KIT-1004 : ChipWatcher: the value of status register = 001111111111111111
KIT-1004 : ChipWatcher: the value of status register = 001111111111111111
KIT-1004 : ChipWatcher: the value of status register = 001111111111111111
KIT-1004 : ChipWatcher: the value of status register = 001111111111111111
KIT-1004 : ChipWatcher: the value of status register = 001111111111111111
KIT-1004 : ChipWatcher: the value of status register = 001111111111111111
KIT-1004 : ChipWatcher: the value of status register = 001111111111111111
KIT-1004 : ChipWatcher: the value of status register = 001111111111111111
KIT-1004 : ChipWatcher: the value of status register = 001111111111111111
KIT-1004 : ChipWatcher: the value of status register = 001111111111111111
KIT-1004 : ChipWatcher: the value of status register = 001111111111111111
KIT-1004 : ChipWatcher: the value of status register = 001111111111111111
KIT-1004 : ChipWatcher: the value of status register = 001111111111111111
KIT-1004 : ChipWatcher: the value of status register = 001111111111111111
KIT-1004 : ChipWatcher: the value of status register = 001111111111111111
KIT-1004 : ChipWatcher: the value of status register = 001111111111111111
KIT-1004 : ChipWatcher: the value of status register = 001111111111111111
KIT-1004 : ChipWatcher: the value of status register = 001111111111111111
KIT-1004 : ChipWatcher: the value of status register = 001111111111111111
KIT-1004 : ChipWatcher: the value of status register = 001111111111111111
KIT-1004 : ChipWatcher: the value of status register = 001111111111111111
KIT-1004 : ChipWatcher: the value of status register = 001111111111111111
KIT-1004 : ChipWatcher: the value of status register = 001111111111111111
KIT-1004 : ChipWatcher: the value of status register = 001111111111111111
KIT-1004 : ChipWatcher: the value of status register = 001111111111111111
KIT-1004 : ChipWatcher: the value of status register = 001111111111111111
KIT-1004 : ChipWatcher: the value of status register = 001111111111111111
KIT-1004 : ChipWatcher: the value of status register = 001111111111111111
KIT-1004 : ChipWatcher: the value of status register = 001111111111111111
KIT-1004 : ChipWatcher: the value of status register = 001111111111111111
KIT-1004 : ChipWatcher: the value of status register = 001111111111111111
KIT-1004 : ChipWatcher: the value of status register = 001111111111111111
KIT-1004 : ChipWatcher: the value of status register = 001111111111111111
KIT-1004 : ChipWatcher: the value of status register = 001111111111111111
KIT-1004 : ChipWatcher: the value of status register = 001111111111111111
KIT-1004 : ChipWatcher: the value of status register = 001111111111111111
KIT-1004 : ChipWatcher: the value of status register = 001111111111111111
KIT-1004 : ChipWatcher: the value of status register = 001111111111111111
KIT-1004 : ChipWatcher: the value of status register = 001111111111111111
KIT-1004 : ChipWatcher: the value of status register = 001111111111111111
KIT-1004 : ChipWatcher: the value of status register = 001111111111111111
KIT-1004 : ChipWatcher: the value of status register = 001111111111111111
KIT-1004 : ChipWatcher: the value of status register = 001111111111111111
KIT-1004 : ChipWatcher: the value of status register = 001111111111111111
KIT-1004 : ChipWatcher: the value of status register = 001111111111111111
KIT-1004 : ChipWatcher: the value of status register = 001111111111111111
KIT-1004 : ChipWatcher: the value of status register = 001111111111111111
KIT-1004 : ChipWatcher: the value of status register = 001111111111111111
KIT-1004 : ChipWatcher: the value of status register = 001111111111111111
KIT-1004 : ChipWatcher: the value of status register = 001111111111111111
KIT-1004 : ChipWatcher: the value of status register = 001111111111111111
KIT-1004 : ChipWatcher: the value of status register = 001111111111111111
KIT-1004 : ChipWatcher: the value of status register = 001111111111111111
KIT-1004 : ChipWatcher: the value of status register = 001111111111111111
KIT-1004 : ChipWatcher: the value of status register = 001111111111111111
KIT-1004 : ChipWatcher: the value of status register = 001111111111111111
KIT-1004 : ChipWatcher: the value of status register = 001111111111111111
KIT-1004 : ChipWatcher: the value of status register = 001111111111111111
KIT-1004 : ChipWatcher: the value of status register = 001111111111111111
KIT-1004 : ChipWatcher: the value of status register = 001111111111111111
KIT-1004 : ChipWatcher: the value of status register = 001111111111111111
KIT-1004 : ChipWatcher: the value of status register = 001111111111111111
KIT-1004 : ChipWatcher: the value of status register = 001111111111111111
KIT-1004 : ChipWatcher: the value of status register = 001111111111111111
KIT-1004 : ChipWatcher: the value of status register = 001111111111111111
KIT-1004 : ChipWatcher: the value of status register = 001111111111111111
KIT-1004 : ChipWatcher: the value of status register = 001111111111111111
KIT-1004 : ChipWatcher: the value of status register = 001111111111111111
KIT-1004 : ChipWatcher: the value of status register = 001111111111111111
KIT-1004 : ChipWatcher: the value of status register = 001111111111111111
KIT-1004 : ChipWatcher: the value of status register = 001111111111111111
KIT-1004 : ChipWatcher: the value of status register = 001111111111111111
KIT-1004 : ChipWatcher: the value of status register = 001111111111111111
KIT-1004 : ChipWatcher: the value of status register = 001111111111111111
KIT-1004 : ChipWatcher: the value of status register = 001111111111111111
KIT-1004 : ChipWatcher: the value of status register = 001111111111111111
KIT-1004 : ChipWatcher: the value of status register = 001111111111111111
KIT-1004 : ChipWatcher: the value of status register = 001111111111111111
KIT-1004 : ChipWatcher: the value of status register = 001111111111111111
KIT-1004 : ChipWatcher: the value of status register = 001111111111111111
KIT-1004 : ChipWatcher: the value of status register = 001111111111111111
KIT-1004 : ChipWatcher: the value of status register = 001111111111111111
KIT-1004 : ChipWatcher: the value of status register = 001111111111111111
KIT-1004 : ChipWatcher: the value of status register = 001111111111111111
KIT-1004 : ChipWatcher: the value of status register = 001111111111111111
KIT-1004 : ChipWatcher: the value of status register = 001111111111111111
KIT-1004 : ChipWatcher: the value of status register = 001111111111111111
KIT-1004 : ChipWatcher: the value of status register = 001111111111111111
KIT-1004 : ChipWatcher: the value of status register = 001111111111111111
KIT-1004 : ChipWatcher: the value of status register = 001111111111111111
KIT-1004 : ChipWatcher: the value of status register = 001111111111111111
KIT-1004 : ChipWatcher: the value of status register = 001111111111111111
KIT-1004 : ChipWatcher: the value of status register = 001111111111111111
KIT-1004 : ChipWatcher: the value of status register = 001111111111111111
KIT-1004 : ChipWatcher: the value of status register = 001111111111111111
KIT-1004 : ChipWatcher: the value of status register = 001111111111111111
KIT-1004 : ChipWatcher: the value of status register = 001111111111111111
KIT-1004 : ChipWatcher: the value of status register = 001111111111111111
KIT-1004 : ChipWatcher: the value of status register = 001111111111111111
KIT-1004 : ChipWatcher: the value of status register = 001111111111111111
KIT-1004 : ChipWatcher: the value of status register = 001111111111111111
KIT-1004 : ChipWatcher: the value of status register = 001111111111111111
KIT-1004 : ChipWatcher: the value of status register = 001111111111111111
KIT-1004 : ChipWatcher: the value of status register = 001111111111111111
KIT-1004 : ChipWatcher: the value of status register = 001111111111111111
KIT-1004 : ChipWatcher: the value of status register = 001111111111111111
KIT-1004 : ChipWatcher: the value of status register = 001111111111111111
KIT-1004 : ChipWatcher: the value of status register = 001111111111111111
KIT-1004 : ChipWatcher: the value of status register = 001111111111111111
KIT-1004 : ChipWatcher: the value of status register = 001111111111111111
KIT-1004 : ChipWatcher: the value of status register = 001111111111111111
KIT-1004 : ChipWatcher: the value of status register = 001111111111111111
KIT-1004 : ChipWatcher: the value of status register = 001111111111111111
KIT-1004 : ChipWatcher: the value of status register = 001111111111111111
KIT-1004 : ChipWatcher: the value of status register = 001111111111111111
KIT-1004 : ChipWatcher: the value of status register = 001111111111111111
KIT-1004 : ChipWatcher: the value of status register = 001111111111111111
KIT-1004 : ChipWatcher: the value of status register = 001111111111111111
KIT-1004 : ChipWatcher: the value of status register = 001111111111111111
KIT-1004 : ChipWatcher: the value of status register = 001111111111111111
KIT-1004 : ChipWatcher: the value of status register = 001111111111111111
KIT-1004 : ChipWatcher: the value of status register = 001111111111111111
KIT-1004 : ChipWatcher: the value of status register = 001111111111111111
KIT-1004 : ChipWatcher: the value of status register = 001111111111111111
KIT-1004 : ChipWatcher: write ctrl reg value: 01011100000100000000000000110000
KIT-1004 : ChipWatcher: the value of status register = 001111111111111111
KIT-8409 ERROR: RdbkData: end position invalid(65535).
RUN-1002 : start command "rdbk_bram32 -bram 0X0010 -cable 0 -total_dev 1 -cur_dev 1"
KIT-1001 : Read back data from BRAM32 0X0010 successfully.
SYN-2541 : Attrs-to-init for 1 logic bram(s)
SYN-2541 : Reading sub[0] auto_chipwatcher_0_logicbram_syn_1
KIT-1004 : ChipWatcher: write ctrl reg value: 01011100000100000000000000000000
GUI-5005 WARNING: Unknown file icon ...
GUI-1001 : User closes ChipWatcher ...
RUN-1001 : reset_run syn_1 phy_1.
GUI-6001 WARNING: File D:/anlu/xuezhang/fpga_Runs/phy_1/fpga.bit does not exist!
RUN-6001 WARNING: Load IPC file error: a, this IP's generated file D:/anlu/xuezhang/al_ip/E:/work/anlogic/projects/fangbo_256.mif doesn't exist.
RUN-1001 : launch_runs syn_1 phy_1  -jobs 6.
RUN-1001 : syn_1: run complete.
RUN-1001 : phy_1: run complete.
RUN-1001 : open_run phy_1.
RUN-1002 : start command "import_db D:/anlu/xuezhang/fpga_Runs/phy_1/fpga_pr.db"
RUN-1001 : Importing database generated by Tang Dynasty, V5.6.71036.
RUN-1001 : Database version number 46146.
RUN-1001 : Import flow parameters
PHY-1001 : Generate detailed routing grids ...
PHY-1001 : Generate nets ...
PHY-1001 : clock net ad1_clk_syn_7 will be merged with clock ad1_clk_dup_1
PHY-1001 : net clk_30m will be routed on clock mesh
PHY-1001 : clock net fx_clk_syn_4 will be merged with clock fx_clk_dup_1
PHY-1001 : clock net sclk_i_syn_7 will be merged with clock sclk_i_syn_5
PHY-1001 : net sys_clk_dup_1 will be routed on clock mesh
PHY-1001 : net ad_delay/clk_20b will be routed on clock mesh
PHY-1001 : clock net csget/mcu_write_start_n_syn_2 will be merged with clock csget/mcu_write_start_n
PHY-1001 : net dac/u_rom_256x8b/clka will be routed on clock mesh
PHY-1001 : net f_div/clk will be routed on clock mesh
PHY-1001 : clock net f_div2/clk_syn_4 will be merged with clock f_div2/clk
PHY-1001 : net f_m/clk_fs will be routed on clock mesh
PHY-1001 : net fifo/fifo_generator_0_u/clkr will be routed on clock mesh
PHY-5010 WARNING: Net fifo/fifo_generator_0_u/wr_to_rd_cross_inst/sync_r1[2] is skipped due to 0 input or output
PHY-5010 WARNING: Net fifo/fifo_generator_0_u/wr_to_rd_cross_inst/sync_r1[1] is skipped due to 0 input or output
PHY-5010 WARNING: Net fifo/fifo_generator_0_u/wr_to_rd_cross_inst/sync_r1[0] is skipped due to 0 input or output
PHY-1001 : clock net config_inst_syn_10 will be merged with clock config_inst_syn_9
PHY-5010 WARNING: Net fifo/fifo_generator_0_u/wr_to_rd_cross_inst/sync_r1[2] is skipped due to 0 input or output
PHY-5010 WARNING: Net fifo/fifo_generator_0_u/wr_to_rd_cross_inst/sync_r1[1] is skipped due to 0 input or output
PHY-5010 WARNING: Net fifo/fifo_generator_0_u/wr_to_rd_cross_inst/sync_r1[0] is skipped due to 0 input or output
PHY-1001 : eco open net = 0
PHY-5014 WARNING: Detail route doesn't find pib for pll_clk/pll_inst.fbclk[0]
PHY-5014 WARNING: Detail route doesn't find pib for ad_delay/instance_name_my/pll_inst.fbclk[0]
PHY-5014 WARNING: Detail route doesn't find pib for dac/instance_name_da/pll_inst.fbclk[0]
PHY-1001 : 245 feed throughs used by 61 nets
RUN-1001 : Import timing constraints
RUN-1001 : Import IO constraints
RUN-1001 : Import Inst constraints
RUN-1001 : Import ChipWatcher
RUN-1001 : Import design success TD_VERSION=5.6.71036 , DB_VERSION=46146
RUN-1003 : finish command "import_db D:/anlu/xuezhang/fpga_Runs/phy_1/fpga_pr.db" in  5.468079s wall, 5.421875s user + 0.109375s system = 5.531250s CPU (101.2%)

RUN-1004 : used memory is 834 MB, reserved memory is 872 MB, peak memory is 859 MB
RUN-1002 : start command "download -bit fpga_Runs\phy_1\fpga.bit -mode jtag -spd 7 -sec 64 -cable 0"
PRG-2014 : Chip validation success: EAGLE_20K_BGA256X
RUN-1002 : start command "bit_to_vec -chip EAGLE_20K_BGA256X -m jtag_burst -freq 4 -bit fpga_Runs/phy_1/fpga.bit"
RUN-1002 : start command "program -cable 0 -mode svf -spd 7 -p"
RUN-1003 : finish command "program -cable 0 -mode svf -spd 7 -p" in  17.538963s wall, 0.125000s user + 0.171875s system = 0.296875s CPU (1.7%)

RUN-1004 : used memory is 852 MB, reserved memory is 889 MB, peak memory is 870 MB
RUN-1003 : finish command "download -bit fpga_Runs\phy_1\fpga.bit -mode jtag -spd 7 -sec 64 -cable 0" in  17.771293s wall, 0.203125s user + 0.171875s system = 0.375000s CPU (2.1%)

RUN-1004 : used memory is 852 MB, reserved memory is 889 MB, peak memory is 870 MB
GUI-1001 : Downloading succeeded!
RUN-1002 : start command "config_chipwatcher spi_data.cwc -dir ."
KIT-1004 : ChipWatcher: import watcher inst auto_chipwatcher_0 completed, there are 1 view nodes, 1 trigger nets, 1 data nets.
KIT-1004 : Chipwatcher code = 1011000100101000
GUI-1001 : User opens ChipWatcher ...
RUN-1001 : reset_run syn_1 phy_1.
GUI-6001 WARNING: File D:/anlu/xuezhang/fpga_Runs/phy_1/fpga.bit does not exist!
RUN-6001 WARNING: Load IPC file error: a, this IP's generated file D:/anlu/xuezhang/al_ip/E:/work/anlogic/projects/fangbo_256.mif doesn't exist.
RUN-1001 : launch_runs syn_1 phy_1  -jobs 6.
RUN-1001 : syn_1: run complete.
RUN-1001 : phy_1: run complete.
RUN-1001 : open_run phy_1.
RUN-1002 : start command "import_db D:/anlu/xuezhang/fpga_Runs/phy_1/fpga_pr.db"
RUN-1001 : Importing database generated by Tang Dynasty, V5.6.71036.
RUN-1001 : Database version number 46146.
RUN-1001 : Import flow parameters
PHY-1001 : Generate detailed routing grids ...
PHY-1001 : Generate nets ...
PHY-1001 : clock net ad1_clk_syn_7 will be merged with clock ad1_clk_dup_1
PHY-1001 : net clk_30m will be routed on clock mesh
PHY-1001 : clock net fx_clk_syn_4 will be merged with clock fx_clk_dup_1
PHY-1001 : clock net sclk_i_syn_7 will be merged with clock sclk_i_syn_5
PHY-1001 : net sys_clk_dup_1 will be routed on clock mesh
PHY-1001 : net ad_delay/clk_20b will be routed on clock mesh
PHY-1001 : clock net csget/mcu_write_start_n_syn_2 will be merged with clock csget/mcu_write_start_n
PHY-1001 : net dac/u_rom_256x8b/clka will be routed on clock mesh
PHY-1001 : net f_div/clk will be routed on clock mesh
PHY-1001 : clock net f_div2/clk_syn_4 will be merged with clock f_div2/clk
PHY-1001 : net f_m/clk_fs will be routed on clock mesh
PHY-1001 : net fifo/fifo_generator_0_u/clkr will be routed on clock mesh
PHY-5010 WARNING: Net fifo/fifo_generator_0_u/wr_to_rd_cross_inst/sync_r1[2] is skipped due to 0 input or output
PHY-5010 WARNING: Net fifo/fifo_generator_0_u/wr_to_rd_cross_inst/sync_r1[1] is skipped due to 0 input or output
PHY-5010 WARNING: Net fifo/fifo_generator_0_u/wr_to_rd_cross_inst/sync_r1[0] is skipped due to 0 input or output
PHY-1001 : clock net config_inst_syn_10 will be merged with clock config_inst_syn_9
PHY-5010 WARNING: Net fifo/fifo_generator_0_u/wr_to_rd_cross_inst/sync_r1[2] is skipped due to 0 input or output
PHY-5010 WARNING: Net fifo/fifo_generator_0_u/wr_to_rd_cross_inst/sync_r1[1] is skipped due to 0 input or output
PHY-5010 WARNING: Net fifo/fifo_generator_0_u/wr_to_rd_cross_inst/sync_r1[0] is skipped due to 0 input or output
PHY-1001 : eco open net = 0
PHY-5014 WARNING: Detail route doesn't find pib for pll_clk/pll_inst.fbclk[0]
PHY-5014 WARNING: Detail route doesn't find pib for ad_delay/instance_name_my/pll_inst.fbclk[0]
PHY-5014 WARNING: Detail route doesn't find pib for dac/instance_name_da/pll_inst.fbclk[0]
PHY-1001 : 245 feed throughs used by 61 nets
RUN-1001 : Import timing constraints
RUN-1001 : Import IO constraints
RUN-1001 : Import Inst constraints
RUN-1001 : Import ChipWatcher
RUN-1001 : Import design success TD_VERSION=5.6.71036 , DB_VERSION=46146
RUN-1003 : finish command "import_db D:/anlu/xuezhang/fpga_Runs/phy_1/fpga_pr.db" in  5.579314s wall, 5.406250s user + 0.234375s system = 5.640625s CPU (101.1%)

RUN-1004 : used memory is 858 MB, reserved memory is 896 MB, peak memory is 870 MB
RUN-1002 : start command "config_chipwatcher -sync spi_data.cwc -dir "
KIT-1004 : ChipWatcher: import watcher inst auto_chipwatcher_0 completed, there are 1 view nodes, 1 trigger nets, 1 data nets.
GUI-1001 : Import spi_data.cwc success!
GUI-8501 ERROR: Bit file code (0000000000000000) does not match with the ChipWatcher's (1011000100101000).
RUN-1002 : start command "download -bit fpga_Runs/phy_1/fpga.bit -mode jtag_burst -spd 7 -cable 0 -total_dev 1 -cur_dev 1"
PRG-2014 : Chip validation success: EAGLE_20K_BGA256X
RUN-1002 : start command "bit_to_vec -chip EAGLE_20K_BGA256X -m jtag_burst -freq 4 -bit fpga_Runs/phy_1/fpga.bit"
RUN-1002 : start command "program -cable 0 -mode svf -spd 7 -p"
RUN-1003 : finish command "program -cable 0 -mode svf -spd 7 -p" in  17.746420s wall, 0.296875s user + 0.328125s system = 0.625000s CPU (3.5%)

RUN-1004 : used memory is 860 MB, reserved memory is 896 MB, peak memory is 878 MB
RUN-1003 : finish command "download -bit fpga_Runs/phy_1/fpga.bit -mode jtag_burst -spd 7 -cable 0 -total_dev 1 -cur_dev 1" in  17.996329s wall, 0.390625s user + 0.343750s system = 0.734375s CPU (4.1%)

RUN-1004 : used memory is 860 MB, reserved memory is 896 MB, peak memory is 878 MB
GUI-1001 : Downloading succeeded!
RUN-1002 : start command "download -bit fpga_Runs/phy_1/fpga.bit -mode jtag_burst -spd 7 -cable 0 -total_dev 1 -cur_dev 1"
PRG-2014 : Chip validation success: EAGLE_20K_BGA256X
RUN-1002 : start command "bit_to_vec -chip EAGLE_20K_BGA256X -m jtag_burst -freq 4 -bit fpga_Runs/phy_1/fpga.bit"
RUN-1002 : start command "program -cable 0 -mode svf -spd 7 -p"
RUN-1003 : finish command "program -cable 0 -mode svf -spd 7 -p" in  18.469454s wall, 0.359375s user + 0.406250s system = 0.765625s CPU (4.1%)

RUN-1004 : used memory is 860 MB, reserved memory is 897 MB, peak memory is 878 MB
RUN-1003 : finish command "download -bit fpga_Runs/phy_1/fpga.bit -mode jtag_burst -spd 7 -cable 0 -total_dev 1 -cur_dev 1" in  18.708531s wall, 0.468750s user + 0.406250s system = 0.875000s CPU (4.7%)

RUN-1004 : used memory is 860 MB, reserved memory is 897 MB, peak memory is 878 MB
GUI-1001 : Downloading succeeded!
GUI-1001 : User closes ChipWatcher ...
RUN-1001 : reset_run syn_1 phy_1.
GUI-6001 WARNING: File D:/anlu/xuezhang/fpga_Runs/phy_1/fpga.bit does not exist!
RUN-6001 WARNING: Load IPC file error: a, this IP's generated file D:/anlu/xuezhang/al_ip/E:/work/anlogic/projects/fangbo_256.mif doesn't exist.
RUN-1001 : launch_runs syn_1 phy_1  -jobs 6.
RUN-1001 : syn_1: run complete.
RUN-1001 : phy_1: run complete.
RUN-1001 : open_run phy_1.
RUN-1002 : start command "import_db D:/anlu/xuezhang/fpga_Runs/phy_1/fpga_pr.db"
RUN-1001 : Importing database generated by Tang Dynasty, V5.6.71036.
RUN-1001 : Database version number 46146.
RUN-1001 : Import flow parameters
PHY-1001 : Generate detailed routing grids ...
PHY-1001 : Generate nets ...
PHY-1001 : clock net ad1_clk_syn_7 will be merged with clock ad1_clk_dup_1
PHY-1001 : net clk_30m will be routed on clock mesh
PHY-1001 : clock net fx_clk_syn_4 will be merged with clock fx_clk_dup_1
PHY-1001 : net sys_clk_dup_1 will be routed on clock mesh
PHY-1001 : net ad_delay/clk_20b will be routed on clock mesh
PHY-1001 : clock net csget/mcu_write_start_n_syn_2 will be merged with clock csget/mcu_write_start_n
PHY-1001 : net dac/u_rom_256x8b/clka will be routed on clock mesh
PHY-1001 : net f_div/clk will be routed on clock mesh
PHY-1001 : clock net f_div2/clk_syn_4 will be merged with clock f_div2/clk
PHY-1001 : net f_m/clk_fs will be routed on clock mesh
PHY-1001 : net fifo/fifo_generator_0_u/clkr will be routed on clock mesh
PHY-5010 WARNING: Net fifo/fifo_generator_0_u/wr_to_rd_cross_inst/sync_r1[2] is skipped due to 0 input or output
PHY-5010 WARNING: Net fifo/fifo_generator_0_u/wr_to_rd_cross_inst/sync_r1[1] is skipped due to 0 input or output
PHY-5010 WARNING: Net fifo/fifo_generator_0_u/wr_to_rd_cross_inst/sync_r1[0] is skipped due to 0 input or output
PHY-5010 WARNING: Net fifo/fifo_generator_0_u/wr_to_rd_cross_inst/sync_r1[2] is skipped due to 0 input or output
PHY-5010 WARNING: Net fifo/fifo_generator_0_u/wr_to_rd_cross_inst/sync_r1[1] is skipped due to 0 input or output
PHY-5010 WARNING: Net fifo/fifo_generator_0_u/wr_to_rd_cross_inst/sync_r1[0] is skipped due to 0 input or output
PHY-1001 : eco open net = 0
PHY-5014 WARNING: Detail route doesn't find pib for pll_clk/pll_inst.fbclk[0]
PHY-5014 WARNING: Detail route doesn't find pib for ad_delay/instance_name_my/pll_inst.fbclk[0]
PHY-5014 WARNING: Detail route doesn't find pib for dac/instance_name_da/pll_inst.fbclk[0]
PHY-1001 : 262 feed throughs used by 57 nets
RUN-1001 : Import timing constraints
RUN-1001 : Import IO constraints
RUN-1001 : Import Inst constraints
RUN-1001 : Import design success TD_VERSION=5.6.71036 , DB_VERSION=46146
RUN-1003 : finish command "import_db D:/anlu/xuezhang/fpga_Runs/phy_1/fpga_pr.db" in  4.547152s wall, 4.453125s user + 0.171875s system = 4.625000s CPU (101.7%)

RUN-1004 : used memory is 849 MB, reserved memory is 886 MB, peak memory is 878 MB
RUN-1002 : start command "download -bit fpga_Runs\phy_1\fpga.bit -mode jtag -spd 7 -sec 64 -cable 0"
PRG-2014 : Chip validation success: EAGLE_20K_BGA256X
RUN-1002 : start command "bit_to_vec -chip EAGLE_20K_BGA256X -m jtag_burst -freq 4 -bit fpga_Runs/phy_1/fpga.bit"
RUN-1002 : start command "program -cable 0 -mode svf -spd 7 -p"
RUN-1003 : finish command "program -cable 0 -mode svf -spd 7 -p" in  18.364689s wall, 0.046875s user + 0.015625s system = 0.062500s CPU (0.3%)

RUN-1004 : used memory is 868 MB, reserved memory is 904 MB, peak memory is 885 MB
RUN-1003 : finish command "download -bit fpga_Runs\phy_1\fpga.bit -mode jtag -spd 7 -sec 64 -cable 0" in  18.603951s wall, 0.156250s user + 0.031250s system = 0.187500s CPU (1.0%)

RUN-1004 : used memory is 868 MB, reserved memory is 904 MB, peak memory is 885 MB
GUI-1001 : Downloading succeeded!
