============================================================
   Tang Dynasty, V5.6.71036
      Copyright (c) 2012-2023 Anlogic Inc.
   Executable = E:/work/anlogic/bin/td.exe
   Built at =   20:34:38 Mar 21 2023
   Run by =     DELL
   Run Date =   Sun Jul  7 21:42:57 2024

   Run on =     DESKTOP-JE5465V
============================================================
RUN-1002 : start command "open_project fpga.prj"
RUN-6001 WARNING: Load IPC file error: ., this IP's generated file D:/anlu/xuezhang/fpga_Runs/syn_1/../../al_ip/E:/work/anlogic/projects/fangbo_256.mif doesn't exist.
RUN-6001 WARNING: Load IPC file error: ., this IP's generated file D:/anlu/xuezhang/fpga_Runs/syn_1/../../al_ip/E:/work/anlogic/projects/fangbo_256.mif doesn't exist.
RUN-1001 : Print Global Property
RUN-1001 : ---------------------------------------------------------------
RUN-1001 :        Parameters        |  Settings  |  Default Values  |  Note  
RUN-1001 : ---------------------------------------------------------------
RUN-1001 :          message         |  standard  |     standard     |        
RUN-1001 :   mixed_pack_place_flow  |     on     |        on        |        
RUN-1001 :        qor_monitor       |    off     |       off        |        
RUN-1001 :        syn_ip_flow       |    off     |       off        |        
RUN-1001 :          thread          |    auto    |       auto       |        
RUN-1001 : ---------------------------------------------------------------
RUN-1001 : Print Design Property
RUN-1001 : --------------------------------------------------------------
RUN-1001 :        Parameters       |  Settings  |  Default Values  |  Note  
RUN-1001 : --------------------------------------------------------------
RUN-1001 :   default_reg_initial   |    auto    |       auto       |        
RUN-1001 :        infer_add        |     on     |        on        |        
RUN-1001 :        infer_fsm        |    off     |       off        |        
RUN-1001 :        infer_mult       |     on     |        on        |        
RUN-1001 :        infer_ram        |     on     |        on        |        
RUN-1001 :        infer_reg        |     on     |        on        |        
RUN-1001 :   infer_reg_init_value  |     on     |        on        |        
RUN-1001 :        infer_rom        |     on     |        on        |        
RUN-1001 :      infer_shifter      |     on     |        on        |        
RUN-1001 : --------------------------------------------------------------
RUN-1001 : Print Rtl Property
RUN-1001 : --------------------------------------------------------------
RUN-1001 :        Parameters       |  Settings  |  Default Values  |  Note  
RUN-1001 : --------------------------------------------------------------
RUN-1001 :       compress_add      |   ripple   |      ripple      |        
RUN-1001 :        elf_sload        |    off     |       off        |        
RUN-1001 :       fix_undriven      |     0      |        0         |        
RUN-1001 :         flatten         |    off     |       off        |        
RUN-1001 :       gate_sharing      |     on     |        on        |        
RUN-1001 :    hdl_warning_level    |   normal   |      normal      |        
RUN-1001 :   impl_internal_tribuf  |     on     |        on        |        
RUN-1001 :      impl_set_reset     |     on     |        on        |        
RUN-1001 :        infer_gsr        |    off     |       off        |        
RUN-1001 :      keep_hierarchy     |    auto    |       auto       |        
RUN-1001 :        max_fanout       |    9999    |       9999       |        
RUN-1001 :      max_oh2bin_len     |     10     |        10        |        
RUN-1001 :       merge_equal       |     on     |        on        |        
RUN-1001 :       merge_equiv       |     on     |        on        |        
RUN-1001 :        merge_mux        |    off     |       off        |        
RUN-1001 :     min_control_set     |     8      |        8         |        
RUN-1001 :      min_ripple_len     |    auto    |       auto       |        
RUN-1001 :       oh2bin_ratio      |    0.08    |       0.08       |        
RUN-1001 :     opt_adder_fanout    |     on     |        on        |        
RUN-1001 :        opt_arith        |     on     |        on        |        
RUN-1001 :       opt_big_gate      |    off     |       off        |        
RUN-1001 :        opt_const        |     on     |        on        |        
RUN-1001 :      opt_const_mult     |     on     |        on        |        
RUN-1001 :       opt_lessthan      |     on     |        on        |        
RUN-1001 :         opt_mux         |    off     |       off        |        
RUN-1001 :         opt_ram         |    high    |       high       |        
RUN-1001 :      rtl_sim_model      |    off     |       off        |        
RUN-1001 :         seq_syn         |     on     |        on        |        
RUN-1001 : --------------------------------------------------------------
HDL-1007 : analyze verilog file ../../al_ip/FIFO.v
HDL-1007 : analyze verilog file ../../al_ip/clk_wizz_0.v
HDL-1007 : undeclared symbol 'open', assumed default net type 'wire' in ../../al_ip/clk_wizz_0.v(86)
HDL-1007 : analyze verilog file ../../al_ip/clk_wiz_1.v
HDL-1007 : undeclared symbol 'open', assumed default net type 'wire' in ../../al_ip/clk_wiz_1.v(72)
HDL-1007 : analyze verilog file ../../al_ip/blk_mem_gen_0.v
HDL-1007 : analyze verilog file ../../al_ip/clk_wiz_2.v
HDL-1007 : undeclared symbol 'open', assumed default net type 'wire' in ../../al_ip/clk_wiz_2.v(65)
HDL-1007 : analyze verilog file ../../ADC_get_module.v
HDL-1007 : analyze verilog file ../../SPI_slave_module.v
HDL-1007 : analyze verilog file ../../ad_delay_module.v
HDL-1007 : analyze verilog file ../../detect_module.v
HDL-1007 : analyze verilog file ../../f_div10_module.v
HDL-1007 : analyze verilog file ../../fifo_module.v
HDL-1007 : analyze verilog file ../../mux2_module.v
HDL-1007 : analyze verilog file ../../top_module.v
HDL-1007 : undeclared symbol 'rst_n', assumed default net type 'wire' in ../../top_module.v(84)
HDL-1007 : analyze verilog file ../../transfer_module.v
HDL-1007 : analyze verilog file ../../DA_module.v
HDL-1007 : analyze verilog file ../../DA_top_module.v
HDL-1007 : analyze verilog file ../../get_fre.v
HDL-1007 : analyze verilog file ../../pulse.v
RUN-1001 : Project manager successfully analyzed 18 source files.
RUN-1002 : start command "import_device eagle_20.db -package EG4X20BG256"
ARC-1001 : Device Initialization.
ARC-1001 : ------------------------------------------------------------------
ARC-1001 :            OPTION            |          IO          |   SETTING   
ARC-1001 : ------------------------------------------------------------------
ARC-1001 :   cso_b/cclk/mosi/miso/dout  |  T3/R11/T10/P10/M14  |    gpio    
ARC-1001 :             done             |         P13          |    gpio    
ARC-1001 :           program_b          |          T2          |  dedicate  
ARC-1001 :        tdi/tms/tck/tdo       |   C12/A15/C14/E14    |  dedicate  
ARC-1001 : ------------------------------------------------------------------
ARC-1004 : Device setting, marked 5 dedicate IOs in total.
RUN-1002 : start command "elaborate -top top_module"
RUN-1001 : Print Design Property
RUN-1001 : --------------------------------------------------------------
RUN-1001 :        Parameters       |  Settings  |  Default Values  |  Note  
RUN-1001 : --------------------------------------------------------------
RUN-1001 :   default_reg_initial   |    auto    |       auto       |        
RUN-1001 :        infer_add        |     on     |        on        |        
RUN-1001 :        infer_fsm        |    off     |       off        |        
RUN-1001 :        infer_mult       |     on     |        on        |        
RUN-1001 :        infer_ram        |     on     |        on        |        
RUN-1001 :        infer_reg        |     on     |        on        |        
RUN-1001 :   infer_reg_init_value  |     on     |        on        |        
RUN-1001 :        infer_rom        |     on     |        on        |        
RUN-1001 :      infer_shifter      |     on     |        on        |        
RUN-1001 : --------------------------------------------------------------
RUN-1001 : Print Rtl Property
RUN-1001 : --------------------------------------------------------------
RUN-1001 :        Parameters       |  Settings  |  Default Values  |  Note  
RUN-1001 : --------------------------------------------------------------
RUN-1001 :       compress_add      |   ripple   |      ripple      |        
RUN-1001 :        elf_sload        |    off     |       off        |        
RUN-1001 :       fix_undriven      |     0      |        0         |        
RUN-1001 :         flatten         |    off     |       off        |        
RUN-1001 :       gate_sharing      |     on     |        on        |        
RUN-1001 :    hdl_warning_level    |   normal   |      normal      |        
RUN-1001 :   impl_internal_tribuf  |     on     |        on        |        
RUN-1001 :      impl_set_reset     |     on     |        on        |        
RUN-1001 :        infer_gsr        |    off     |       off        |        
RUN-1001 :      keep_hierarchy     |    auto    |       auto       |        
RUN-1001 :        max_fanout       |    9999    |       9999       |        
RUN-1001 :      max_oh2bin_len     |     10     |        10        |        
RUN-1001 :       merge_equal       |     on     |        on        |        
RUN-1001 :       merge_equiv       |     on     |        on        |        
RUN-1001 :        merge_mux        |    off     |       off        |        
RUN-1001 :     min_control_set     |     8      |        8         |        
RUN-1001 :      min_ripple_len     |    auto    |       auto       |        
RUN-1001 :       oh2bin_ratio      |    0.08    |       0.08       |        
RUN-1001 :     opt_adder_fanout    |     on     |        on        |        
RUN-1001 :        opt_arith        |     on     |        on        |        
RUN-1001 :       opt_big_gate      |    off     |       off        |        
RUN-1001 :        opt_const        |     on     |        on        |        
RUN-1001 :      opt_const_mult     |     on     |        on        |        
RUN-1001 :       opt_lessthan      |     on     |        on        |        
RUN-1001 :         opt_mux         |    off     |       off        |        
RUN-1001 :         opt_ram         |    high    |       high       |        
RUN-1001 :      rtl_sim_model      |    off     |       off        |        
RUN-1001 :         seq_syn         |     on     |        on        |        
RUN-1001 : --------------------------------------------------------------
RUN-1001 : Print Global Property
RUN-1001 : ---------------------------------------------------------------
RUN-1001 :        Parameters        |  Settings  |  Default Values  |  Note  
RUN-1001 : ---------------------------------------------------------------
RUN-1001 :          message         |  standard  |     standard     |        
RUN-1001 :   mixed_pack_place_flow  |     on     |        on        |        
RUN-1001 :        qor_monitor       |    off     |       off        |        
RUN-1001 :        syn_ip_flow       |    off     |       off        |        
RUN-1001 :          thread          |    auto    |       auto       |        
RUN-1001 : ---------------------------------------------------------------
RUN-1001 : Print Design Property
RUN-1001 : --------------------------------------------------------------
RUN-1001 :        Parameters       |  Settings  |  Default Values  |  Note  
RUN-1001 : --------------------------------------------------------------
RUN-1001 :   default_reg_initial   |    auto    |       auto       |        
RUN-1001 :        infer_add        |     on     |        on        |        
RUN-1001 :        infer_fsm        |    off     |       off        |        
RUN-1001 :        infer_mult       |     on     |        on        |        
RUN-1001 :        infer_ram        |     on     |        on        |        
RUN-1001 :        infer_reg        |     on     |        on        |        
RUN-1001 :   infer_reg_init_value  |     on     |        on        |        
RUN-1001 :        infer_rom        |     on     |        on        |        
RUN-1001 :      infer_shifter      |     on     |        on        |        
RUN-1001 : --------------------------------------------------------------
HDL-1007 : port 'cnt_sys' remains unconnected for this instance in ../../top_module.v(82)
HDL-1007 : port 'cnt_ext' remains unconnected for this instance in ../../top_module.v(82)
HDL-1007 : port 'rd_out_vld' remains unconnected for this instance in ../../top_module.v(211)
HDL-1007 : port 'full_pos_edge' remains unconnected for this instance in ../../top_module.v(211)
HDL-1007 : port 'empty_pos_edge' remains unconnected for this instance in ../../top_module.v(211)
HDL-1007 : elaborate module top_module in ../../top_module.v(23)
HDL-1007 : elaborate module clk_wizz_0 in ../../al_ip/clk_wizz_0.v(25)
HDL-1007 : elaborate module EG_PHY_PLL(FIN="50.000",FBCLK_DIV=24,CLKC0_DIV=6,CLKC1_DIV=24,CLKC2_DIV=120,CLKC3_DIV=40,CLKC0_ENABLE="ENABLE",CLKC1_ENABLE="ENABLE",CLKC2_ENABLE="ENABLE",CLKC3_ENABLE="ENABLE",FEEDBK_MODE="NOCOMP",STDBY_ENABLE="DISABLE",CLKC0_CPHASE=5,CLKC1_CPHASE=23,CLKC2_CPHASE=119,CLKC3_CPHASE=39,GMC_GAIN=4,ICP_CURRENT=13,KVCO=4,LPF_CAPACITOR=1,LPF_RESISTOR=4,SYNC_ENABLE="DISABLE") in E:/work/anlogic/arch/eagle_macro.v(930)
HDL-1007 : elaborate module get_fre in ../../get_fre.v(1)
HDL-5007 WARNING: actual bit length 1 differs from formal bit length 64 for port 'data_fx' in ../../top_module.v(86)
HDL-1007 : elaborate module pulse in ../../pulse.v(1)
HDL-1007 : elaborate module f_div10_module in ../../f_div10_module.v(23)
HDL-1007 : elaborate module ad_delay_module in ../../ad_delay_module.v(23)
HDL-1007 : elaborate module clk_wiz_1 in ../../al_ip/clk_wiz_1.v(23)
HDL-1007 : elaborate module EG_PHY_PLL(FIN="50.000",FBCLK_DIV=16,CLKC2_DIV=2,CLKC1_ENABLE="ENABLE",CLKC2_ENABLE="ENABLE",FEEDBK_MODE="NOCOMP",STDBY_ENABLE="DISABLE",GMC_GAIN=4,ICP_CURRENT=13,KVCO=4,LPF_CAPACITOR=1,LPF_RESISTOR=4,SYNC_ENABLE="DISABLE") in E:/work/anlogic/arch/eagle_macro.v(930)
HDL-1007 : elaborate module transfer_module in ../../transfer_module.v(23)
HDL-1007 : elaborate module ADC_get_module in ../../ADC_get_module.v(23)
HDL-1007 : elaborate module detect_module in ../../detect_module.v(23)
HDL-1007 : port 'valid' remains unconnected for this instance in ../../fifo_module.v(50)
HDL-1007 : port 'afull' remains unconnected for this instance in ../../fifo_module.v(50)
HDL-1007 : port 'aempty' remains unconnected for this instance in ../../fifo_module.v(50)
HDL-1007 : elaborate module fifo_module in ../../fifo_module.v(23)
HDL-1007 : port 'doa' remains unconnected for this instance in ../../al_ip/FIFO.v(261)
HDL-1007 : port 'dib' remains unconnected for this instance in ../../al_ip/FIFO.v(261)
HDL-1007 : elaborate module FIFO in ../../al_ip/FIFO.v(26)
HDL-1007 : elaborate module fifo_cross_domain_addr_process_al_FIFO(ADDR_WIDTH=10) in ../../al_ip/FIFO.v(290)
HDL-1007 : elaborate module fifo_cross_domain_addr_process_al_FIFO(ADDR_WIDTH=13) in ../../al_ip/FIFO.v(290)
HDL-1007 : elaborate module ram_infer_FIFO(DATAWIDTH_A=8,ADDRWIDTH_A=13,DATAWIDTH_B=64,ADDRWIDTH_B=10) in ../../al_ip/FIFO.v(378)
HDL-1007 : extracting RAM for identifier 'memory' in ../../al_ip/FIFO.v(443)
HDL-5007 WARNING: input port 'dib[63]' is not connected on this instance in ../../al_ip/FIFO.v(266)
HDL-1007 : elaborate module mux2_module in ../../mux2_module.v(23)
HDL-1007 : elaborate module SPI_slave_module in ../../SPI_slave_module.v(23)
HDL-1007 : elaborate module DA_top_module in ../../DA_top_module.v(23)
HDL-1007 : elaborate module clk_wiz_2 in ../../al_ip/clk_wiz_2.v(22)
HDL-1007 : elaborate module EG_PHY_PLL(FIN="50.000",FBCLK_DIV=20,CLKC0_DIV=20,CLKC0_ENABLE="ENABLE",FEEDBK_MODE="NOCOMP",STDBY_ENABLE="DISABLE",CLKC0_CPHASE=19,GMC_GAIN=4,ICP_CURRENT=13,KVCO=4,LPF_CAPACITOR=1,LPF_RESISTOR=4,SYNC_ENABLE="DISABLE") in E:/work/anlogic/arch/eagle_macro.v(930)
HDL-1007 : elaborate module DA_module in ../../DA_module.v(23)
HDL-1007 : elaborate module blk_mem_gen_0 in ../../al_ip/blk_mem_gen_0.v(14)
HDL-1007 : elaborate module EG_LOGIC_BRAM(DATA_WIDTH_A=8,DATA_WIDTH_B=8,ADDR_WIDTH_A=8,ADDR_WIDTH_B=8,DATA_DEPTH_A=256,DATA_DEPTH_B=256,MODE="SP",INIT_FILE="E:/work/anlogic/projects/fangbo_256.mif") in E:/work/anlogic/arch/eagle_macro.v(1032)
HDL-5007 WARNING: net 'data_fx[63]' does not have a driver in ../../top_module.v(66)
HDL-8007 ERROR: net 'PULSE_G' is constantly driven from multiple places in ../../top_module.v(82)
HDL-8007 ERROR: found another driver here in ../../top_module.v(92)
HDL-1007 : module 'top_module' remains a black box due to errors in its contents in ../../top_module.v(23)
RUN-1002 : start command "backup_run_log run.log ../.logs/syn_1/td_20240707_214257.log"
