============================================================
   Tang Dynasty, V5.6.71036
      Copyright (c) 2012-2023 Anlogic Inc.
   Executable = E:/work/anlogic/bin/td.exe
   Built at =   20:34:38 Mar 21 2023
   Run by =     DELL
   Run Date =   Sun Jul  7 21:44:09 2024

   Run on =     DESKTOP-JE5465V
============================================================
RUN-1002 : start command "open_project fpga.prj"
RUN-6001 WARNING: Load IPC file error: ., this IP's generated file D:/anlu/xuezhang/fpga_Runs/phy_1/../../al_ip/E:/work/anlogic/projects/fangbo_256.mif doesn't exist.
RUN-6001 WARNING: Load IPC file error: ., this IP's generated file D:/anlu/xuezhang/fpga_Runs/phy_1/../../al_ip/E:/work/anlogic/projects/fangbo_256.mif doesn't exist.
RUN-1001 : Print Global Property
RUN-1001 : ---------------------------------------------------------------
RUN-1001 :        Parameters        |  Settings  |  Default Values  |  Note  
RUN-1001 : ---------------------------------------------------------------
RUN-1001 :          message         |  standard  |     standard     |        
RUN-1001 :   mixed_pack_place_flow  |     on     |        on        |        
RUN-1001 :        qor_monitor       |    off     |       off        |        
RUN-1001 :        syn_ip_flow       |    off     |       off        |        
RUN-1001 :          thread          |    auto    |       auto       |        
RUN-1001 : ---------------------------------------------------------------
RUN-1001 : Print Design Property
RUN-1001 : --------------------------------------------------------------
RUN-1001 :        Parameters       |  Settings  |  Default Values  |  Note  
RUN-1001 : --------------------------------------------------------------
RUN-1001 :   default_reg_initial   |    auto    |       auto       |        
RUN-1001 :        infer_add        |     on     |        on        |        
RUN-1001 :        infer_fsm        |    off     |       off        |        
RUN-1001 :        infer_mult       |     on     |        on        |        
RUN-1001 :        infer_ram        |     on     |        on        |        
RUN-1001 :        infer_reg        |     on     |        on        |        
RUN-1001 :   infer_reg_init_value  |     on     |        on        |        
RUN-1001 :        infer_rom        |     on     |        on        |        
RUN-1001 :      infer_shifter      |     on     |        on        |        
RUN-1001 : --------------------------------------------------------------
RUN-1001 : Print Rtl Property
RUN-1001 : --------------------------------------------------------------
RUN-1001 :        Parameters       |  Settings  |  Default Values  |  Note  
RUN-1001 : --------------------------------------------------------------
RUN-1001 :       compress_add      |   ripple   |      ripple      |        
RUN-1001 :        elf_sload        |    off     |       off        |        
RUN-1001 :       fix_undriven      |     0      |        0         |        
RUN-1001 :         flatten         |    off     |       off        |        
RUN-1001 :       gate_sharing      |     on     |        on        |        
RUN-1001 :    hdl_warning_level    |   normal   |      normal      |        
RUN-1001 :   impl_internal_tribuf  |     on     |        on        |        
RUN-1001 :      impl_set_reset     |     on     |        on        |        
RUN-1001 :        infer_gsr        |    off     |       off        |        
RUN-1001 :      keep_hierarchy     |    auto    |       auto       |        
RUN-1001 :        max_fanout       |    9999    |       9999       |        
RUN-1001 :      max_oh2bin_len     |     10     |        10        |        
RUN-1001 :       merge_equal       |     on     |        on        |        
RUN-1001 :       merge_equiv       |     on     |        on        |        
RUN-1001 :        merge_mux        |    off     |       off        |        
RUN-1001 :     min_control_set     |     8      |        8         |        
RUN-1001 :      min_ripple_len     |    auto    |       auto       |        
RUN-1001 :       oh2bin_ratio      |    0.08    |       0.08       |        
RUN-1001 :     opt_adder_fanout    |     on     |        on        |        
RUN-1001 :        opt_arith        |     on     |        on        |        
RUN-1001 :       opt_big_gate      |    off     |       off        |        
RUN-1001 :        opt_const        |     on     |        on        |        
RUN-1001 :      opt_const_mult     |     on     |        on        |        
RUN-1001 :       opt_lessthan      |     on     |        on        |        
RUN-1001 :         opt_mux         |    off     |       off        |        
RUN-1001 :         opt_ram         |    high    |       high       |        
RUN-1001 :      rtl_sim_model      |    off     |       off        |        
RUN-1001 :         seq_syn         |     on     |        on        |        
RUN-1001 : --------------------------------------------------------------
HDL-1007 : analyze verilog file ../../al_ip/FIFO.v
HDL-1007 : analyze verilog file ../../al_ip/clk_wizz_0.v
HDL-1007 : undeclared symbol 'open', assumed default net type 'wire' in ../../al_ip/clk_wizz_0.v(86)
HDL-1007 : analyze verilog file ../../al_ip/clk_wiz_1.v
HDL-1007 : undeclared symbol 'open', assumed default net type 'wire' in ../../al_ip/clk_wiz_1.v(72)
HDL-1007 : analyze verilog file ../../al_ip/blk_mem_gen_0.v
HDL-1007 : analyze verilog file ../../al_ip/clk_wiz_2.v
HDL-1007 : undeclared symbol 'open', assumed default net type 'wire' in ../../al_ip/clk_wiz_2.v(65)
HDL-1007 : analyze verilog file ../../ADC_get_module.v
HDL-1007 : analyze verilog file ../../SPI_slave_module.v
HDL-1007 : analyze verilog file ../../ad_delay_module.v
HDL-1007 : analyze verilog file ../../detect_module.v
HDL-1007 : analyze verilog file ../../f_div10_module.v
HDL-1007 : analyze verilog file ../../fifo_module.v
HDL-1007 : analyze verilog file ../../mux2_module.v
HDL-1007 : analyze verilog file ../../top_module.v
HDL-1007 : undeclared symbol 'rst_n', assumed default net type 'wire' in ../../top_module.v(84)
HDL-1007 : analyze verilog file ../../transfer_module.v
HDL-1007 : analyze verilog file ../../DA_module.v
HDL-1007 : analyze verilog file ../../DA_top_module.v
HDL-1007 : analyze verilog file ../../get_fre.v
HDL-1007 : analyze verilog file ../../pulse.v
RUN-1001 : Project manager successfully analyzed 18 source files.
RUN-1002 : start command "import_device eagle_20.db -package EG4X20BG256"
ARC-1001 : Device Initialization.
ARC-1001 : ------------------------------------------------------------------
ARC-1001 :            OPTION            |          IO          |   SETTING   
ARC-1001 : ------------------------------------------------------------------
ARC-1001 :   cso_b/cclk/mosi/miso/dout  |  T3/R11/T10/P10/M14  |    gpio    
ARC-1001 :             done             |         P13          |    gpio    
ARC-1001 :           program_b          |          T2          |  dedicate  
ARC-1001 :        tdi/tms/tck/tdo       |   C12/A15/C14/E14    |  dedicate  
ARC-1001 : ------------------------------------------------------------------
ARC-1004 : Device setting, marked 5 dedicate IOs in total.
RUN-1002 : start command "import_db ../syn_1/fpga_gate.db"
RUN-1001 : Importing database generated by Tang Dynasty, V5.6.71036.
RUN-1001 : Database version number 46146.
RUN-1001 : Import flow parameters
RUN-1001 : Import timing constraints
RUN-1001 : Import IO constraints
RUN-1001 : Import Inst constraints
RUN-1001 : Import design success TD_VERSION=5.6.71036 , DB_VERSION=46146
RUN-1002 : start command "read_sdc -ip FIFO ../../al_ip/FIFO.tcl"
RUN-1002 : start command "get_ports clkw"
RUN-1002 : start command "get_nets  clkw  "
RUN-1002 : start command "get_clocks -nowarn -of nets 141733920768"
RUN-1002 : start command "get_ports clkr"
RUN-1002 : start command "get_nets  clkr  "
RUN-1002 : start command "get_clocks -nowarn -of nets 6017249181696"
RUN-1002 : start command "get_property -nowarn -max PERIOD "
RUN-1002 : start command "get_property -nowarn -max PERIOD "
RUN-1002 : start command "get_regs rd_to_wr_cross_inst/primary_addr_gray_reg[*]"
RUN-1002 : start command "get_regs rd_to_wr_cross_inst/sync_r1[*]"
RUN-1002 : start command "set_max_delay -from  -to  999.70000000000005 -datapath_only"
RUN-1002 : start command "get_regs rd_to_wr_cross_inst/primary_addr_gray_reg[*]"
RUN-1002 : start command "get_regs rd_to_wr_cross_inst/sync_r1[*]"
RUN-1002 : start command "set_false_path -from  -to  -hold 999.70000000000005"
USR-1002 : set_false_path -help -setup -hold -from <list> -rise_from <list> -fall_from <list> -to <list> -rise_to <list> -fall_to <list> -through <list>
RUN-1002 : start command "get_regs wr_to_rd_cross_inst/primary_addr_gray_reg[*]"
RUN-1002 : start command "get_regs wr_to_rd_cross_inst/sync_r1[*]"
RUN-1002 : start command "set_max_delay -from  -to  999.70000000000005 -datapath_only"
RUN-1002 : start command "get_regs wr_to_rd_cross_inst/primary_addr_gray_reg[*]"
RUN-1002 : start command "get_regs wr_to_rd_cross_inst/sync_r1[*]"
RUN-1002 : start command "set_false_path -from  -to  -hold 999.70000000000005"
USR-1002 : set_false_path -help -setup -hold -from <list> -rise_from <list> -fall_from <list> -to <list> -rise_to <list> -fall_to <list> -through <list>
RUN-1002 : start command "config_chipwatcher ../../FRE.cwc -dir "
RUN-1002 : start command "legalize_phy_inst"
SYN-1011 : Flatten model top_module
KIT-1004 : ChipWatcher: import watcher inst auto_chipwatcher_0 completed, there are 1 view nodes, 64 trigger nets, 64 data nets.
KIT-1004 : Chipwatcher code = 0001000111000011
KIT-5602 CRITICAL-WARNING: ChipWatcher: data view net data_fx[63] of bus data_fx is invalid.
KIT-5602 CRITICAL-WARNING: ChipWatcher: data view net data_fx[62] of bus data_fx is invalid.
KIT-5602 CRITICAL-WARNING: ChipWatcher: data view net data_fx[61] of bus data_fx is invalid.
KIT-5602 CRITICAL-WARNING: ChipWatcher: data view net data_fx[60] of bus data_fx is invalid.
KIT-5602 CRITICAL-WARNING: ChipWatcher: data view net data_fx[59] of bus data_fx is invalid.
KIT-5602 CRITICAL-WARNING: ChipWatcher: data view net data_fx[58] of bus data_fx is invalid.
KIT-5602 CRITICAL-WARNING: ChipWatcher: data view net data_fx[57] of bus data_fx is invalid.
KIT-5602 CRITICAL-WARNING: ChipWatcher: data view net data_fx[56] of bus data_fx is invalid.
KIT-5602 CRITICAL-WARNING: ChipWatcher: data view net data_fx[55] of bus data_fx is invalid.
KIT-5602 CRITICAL-WARNING: ChipWatcher: data view net data_fx[54] of bus data_fx is invalid.
KIT-5602 Similar messages will be suppressed.
KIT-8447 ERROR: ConfigChipWatcher: Fail to Sync with database ChipWatcher: data view net data_fx[1] of bus data_fx is invalid! #22.
RUN-1002 : start command "compile_watcher"
KIT-5602 CRITICAL-WARNING: ChipWatcher: data view net data_fx[63] of bus data_fx is invalid.
KIT-5602 CRITICAL-WARNING: ChipWatcher: data view net data_fx[62] of bus data_fx is invalid.
KIT-5602 CRITICAL-WARNING: ChipWatcher: data view net data_fx[61] of bus data_fx is invalid.
KIT-5602 CRITICAL-WARNING: ChipWatcher: data view net data_fx[60] of bus data_fx is invalid.
KIT-5602 CRITICAL-WARNING: ChipWatcher: data view net data_fx[59] of bus data_fx is invalid.
KIT-5602 CRITICAL-WARNING: ChipWatcher: data view net data_fx[58] of bus data_fx is invalid.
KIT-5602 CRITICAL-WARNING: ChipWatcher: data view net data_fx[57] of bus data_fx is invalid.
KIT-5602 CRITICAL-WARNING: ChipWatcher: data view net data_fx[56] of bus data_fx is invalid.
KIT-5602 CRITICAL-WARNING: ChipWatcher: data view net data_fx[55] of bus data_fx is invalid.
KIT-5602 CRITICAL-WARNING: ChipWatcher: data view net data_fx[54] of bus data_fx is invalid.
KIT-5602 Similar messages will be suppressed.
KIT-8447 ERROR: Compile Chipwatcher: Fail to Sync with database ChipWatcher: data view net data_fx[1] of bus data_fx is invalid! #22.
RUN-1002 : start command "backup_run_log run.log ../.logs/phy_1/td_20240707_214409.log"
